<?xml version="1.0" encoding="UTF-8"?>
<!-- Generated by org.testng.reporters.JUnitReportReporter -->
<testsuite hostname="DESKTOP-3J038D7" failures="0" tests="1" name="com.qa.TestCases.LoginTest" time="24.026" errors="0" timestamp="30 May 2023 09:09:32 GMT" skipped="0">
  <testcase classname="com.qa.TestCases.LoginTest" name="loginTest" time="24.026"/>
</testsuite> <!-- com.qa.TestCases.LoginTest -->
